<?xml version="1.0" encoding="UTF-8" ?>
<testsuite tests="7" failures="0" name="TestSuite" time="16.768" errors="0" skipped="0">
  <properties>
    <property name="java.runtime.name" value="Java(TM) SE Runtime Environment"/>
    <property name="sun.boot.library.path" value="/Library/Java/JavaVirtualMachines/jdk1.8.0_101.jdk/Contents/Home/jre/lib"/>
    <property name="java.vm.version" value="25.101-b13"/>
    <property name="gopherProxySet" value="false"/>
    <property name="java.vm.vendor" value="Oracle Corporation"/>
    <property name="java.vendor.url" value="http://java.oracle.com/"/>
    <property name="path.separator" value=":"/>
    <property name="java.vm.name" value="Java HotSpot(TM) 64-Bit Server VM"/>
    <property name="file.encoding.pkg" value="sun.io"/>
    <property name="user.country" value="CN"/>
    <property name="sun.java.launcher" value="SUN_STANDARD"/>
    <property name="sun.os.patch.level" value="unknown"/>
    <property name="java.vm.specification.name" value="Java Virtual Machine Specification"/>
    <property name="user.dir" value="/workspace/muke/AutoTest/Chapter12"/>
    <property name="java.runtime.version" value="1.8.0_101-b13"/>
    <property name="java.awt.graphicsenv" value="sun.awt.CGraphicsEnvironment"/>
    <property name="basedir" value="/workspace/muke/AutoTest/Chapter12"/>
    <property name="java.endorsed.dirs" value="/Library/Java/JavaVirtualMachines/jdk1.8.0_101.jdk/Contents/Home/jre/lib/endorsed"/>
    <property name="os.arch" value="x86_64"/>
    <property name="surefire.real.class.path" value="/workspace/muke/AutoTest/Chapter12/target/surefire/surefirebooter3434234131258073038.jar"/>
    <property name="java.io.tmpdir" value="/var/folders/4p/jmg72m6d6rzdwmdnlptwd7dw0000gn/T/"/>
    <property name="line.separator" value="
"/>
    <property name="java.vm.specification.vendor" value="Oracle Corporation"/>
    <property name="os.name" value="Mac OS X"/>
    <property name="sun.jnu.encoding" value="UTF-8"/>
    <property name="java.library.path" value="/Users/zjy/Library/Java/Extensions:/Library/Java/Extensions:/Network/Library/Java/Extensions:/System/Library/Java/Extensions:/usr/lib/java:."/>
    <property name="surefire.test.class.path" value="/workspace/muke/AutoTest/Chapter12/target/test-classes:/workspace/muke/AutoTest/Chapter12/target/classes:/Users/zjy/.m2/repository/org/apache/httpcomponents/httpclient/4.1.2/httpclient-4.1.2.jar:/Users/zjy/.m2/repository/org/apache/httpcomponents/httpcore/4.4.6/httpcore-4.4.6.jar:/Users/zjy/.m2/repository/commons-codec/commons-codec/1.10/commons-codec-1.10.jar:/Users/zjy/.m2/repository/org/json/json/20170516/json-20170516.jar:/Users/zjy/.m2/repository/org/mybatis/mybatis/3.4.4/mybatis-3.4.4.jar:/Users/zjy/.m2/repository/mysql/mysql-connector-java/5.1.6/mysql-connector-java-5.1.6.jar:/Users/zjy/.m2/repository/org/projectlombok/lombok/1.16.14/lombok-1.16.14.jar:/Users/zjy/.m2/repository/com/relevantcodes/extentreports/2.41.1/extentreports-2.41.1.jar:/Users/zjy/.m2/repository/org/jsoup/jsoup/1.8.3/jsoup-1.8.3.jar:/Users/zjy/.m2/repository/org/xerial/sqlite-jdbc/3.15.1/sqlite-jdbc-3.15.1.jar:/Users/zjy/.m2/repository/org/freemarker/freemarker/2.3.26-incubating/freemarker-2.3.26-incubating.jar:/Users/zjy/.m2/repository/org/mongodb/mongodb-driver/3.4.2/mongodb-driver-3.4.2.jar:/Users/zjy/.m2/repository/org/mongodb/bson/3.4.2/bson-3.4.2.jar:/Users/zjy/.m2/repository/org/mongodb/mongodb-driver-core/3.4.2/mongodb-driver-core-3.4.2.jar:/Users/zjy/.m2/repository/com/vimalselvam/testng-extentsreport/1.3.1/testng-extentsreport-1.3.1.jar:/Users/zjy/.m2/repository/com/google/guava/guava/20.0/guava-20.0.jar:/Users/zjy/.m2/repository/com/aventstack/extentreports/3.0.6/extentreports-3.0.6.jar:/Users/zjy/.m2/repository/org/apache/httpcomponents/httpmime/4.5.3/httpmime-4.5.3.jar:/Users/zjy/.m2/repository/org/testng/testng/6.10/testng-6.10.jar:/Users/zjy/.m2/repository/com/beust/jcommander/1.48/jcommander-1.48.jar:/Users/zjy/.m2/repository/commons-logging/commons-logging/1.2/commons-logging-1.2.jar:"/>
    <property name="java.specification.name" value="Java Platform API Specification"/>
    <property name="java.class.version" value="52.0"/>
    <property name="sun.management.compiler" value="HotSpot 64-Bit Tiered Compilers"/>
    <property name="skipTests" value="false"/>
    <property name="os.version" value="10.11.6"/>
    <property name="user.home" value="/Users/zjy"/>
    <property name="user.timezone" value="Asia/Shanghai"/>
    <property name="java.awt.printerjob" value="sun.lwawt.macosx.CPrinterJob"/>
    <property name="java.specification.version" value="1.8"/>
    <property name="file.encoding" value="UTF-8"/>
    <property name="user.name" value="zjy"/>
    <property name="java.class.path" value="/workspace/muke/AutoTest/Chapter12/target/test-classes:/workspace/muke/AutoTest/Chapter12/target/classes:/Users/zjy/.m2/repository/org/apache/httpcomponents/httpclient/4.1.2/httpclient-4.1.2.jar:/Users/zjy/.m2/repository/org/apache/httpcomponents/httpcore/4.4.6/httpcore-4.4.6.jar:/Users/zjy/.m2/repository/commons-codec/commons-codec/1.10/commons-codec-1.10.jar:/Users/zjy/.m2/repository/org/json/json/20170516/json-20170516.jar:/Users/zjy/.m2/repository/org/mybatis/mybatis/3.4.4/mybatis-3.4.4.jar:/Users/zjy/.m2/repository/mysql/mysql-connector-java/5.1.6/mysql-connector-java-5.1.6.jar:/Users/zjy/.m2/repository/org/projectlombok/lombok/1.16.14/lombok-1.16.14.jar:/Users/zjy/.m2/repository/com/relevantcodes/extentreports/2.41.1/extentreports-2.41.1.jar:/Users/zjy/.m2/repository/org/jsoup/jsoup/1.8.3/jsoup-1.8.3.jar:/Users/zjy/.m2/repository/org/xerial/sqlite-jdbc/3.15.1/sqlite-jdbc-3.15.1.jar:/Users/zjy/.m2/repository/org/freemarker/freemarker/2.3.26-incubating/freemarker-2.3.26-incubating.jar:/Users/zjy/.m2/repository/org/mongodb/mongodb-driver/3.4.2/mongodb-driver-3.4.2.jar:/Users/zjy/.m2/repository/org/mongodb/bson/3.4.2/bson-3.4.2.jar:/Users/zjy/.m2/repository/org/mongodb/mongodb-driver-core/3.4.2/mongodb-driver-core-3.4.2.jar:/Users/zjy/.m2/repository/com/vimalselvam/testng-extentsreport/1.3.1/testng-extentsreport-1.3.1.jar:/Users/zjy/.m2/repository/com/google/guava/guava/20.0/guava-20.0.jar:/Users/zjy/.m2/repository/com/aventstack/extentreports/3.0.6/extentreports-3.0.6.jar:/Users/zjy/.m2/repository/org/apache/httpcomponents/httpmime/4.5.3/httpmime-4.5.3.jar:/Users/zjy/.m2/repository/org/testng/testng/6.10/testng-6.10.jar:/Users/zjy/.m2/repository/com/beust/jcommander/1.48/jcommander-1.48.jar:/Users/zjy/.m2/repository/commons-logging/commons-logging/1.2/commons-logging-1.2.jar:"/>
    <property name="java.vm.specification.version" value="1.8"/>
    <property name="sun.arch.data.model" value="64"/>
    <property name="java.home" value="/Library/Java/JavaVirtualMachines/jdk1.8.0_101.jdk/Contents/Home/jre"/>
    <property name="sun.java.command" value="/workspace/muke/AutoTest/Chapter12/target/surefire/surefirebooter3434234131258073038.jar /workspace/muke/AutoTest/Chapter12/target/surefire/surefire2494540944667918317tmp /workspace/muke/AutoTest/Chapter12/target/surefire/surefire3496387760516461932tmp"/>
    <property name="java.specification.vendor" value="Oracle Corporation"/>
    <property name="user.language" value="zh"/>
    <property name="awt.toolkit" value="sun.lwawt.macosx.LWCToolkit"/>
    <property name="java.vm.info" value="mixed mode"/>
    <property name="java.version" value="1.8.0_101"/>
    <property name="java.ext.dirs" value="/Users/zjy/Library/Java/Extensions:/Library/Java/JavaVirtualMachines/jdk1.8.0_101.jdk/Contents/Home/jre/lib/ext:/Library/Java/Extensions:/Network/Library/Java/Extensions:/System/Library/Java/Extensions:/usr/lib/java"/>
    <property name="sun.boot.class.path" value="/Library/Java/JavaVirtualMachines/jdk1.8.0_101.jdk/Contents/Home/jre/lib/resources.jar:/Library/Java/JavaVirtualMachines/jdk1.8.0_101.jdk/Contents/Home/jre/lib/rt.jar:/Library/Java/JavaVirtualMachines/jdk1.8.0_101.jdk/Contents/Home/jre/lib/sunrsasign.jar:/Library/Java/JavaVirtualMachines/jdk1.8.0_101.jdk/Contents/Home/jre/lib/jsse.jar:/Library/Java/JavaVirtualMachines/jdk1.8.0_101.jdk/Contents/Home/jre/lib/jce.jar:/Library/Java/JavaVirtualMachines/jdk1.8.0_101.jdk/Contents/Home/jre/lib/charsets.jar:/Library/Java/JavaVirtualMachines/jdk1.8.0_101.jdk/Contents/Home/jre/lib/jfr.jar:/Library/Java/JavaVirtualMachines/jdk1.8.0_101.jdk/Contents/Home/jre/classes"/>
    <property name="java.vendor" value="Oracle Corporation"/>
    <property name="localRepository" value="/Users/zjy/.m2/repository"/>
    <property name="file.separator" value="/"/>
    <property name="java.vendor.url.bug" value="http://bugreport.sun.com/bugreport/"/>
    <property name="sun.cpu.endian" value="little"/>
    <property name="sun.io.unicode.encoding" value="UnicodeBig"/>
    <property name="sun.cpu.isalist" value=""/>
  </properties>
  <testcase classname="com.course.cases.LoginTest" name="loginTrue" time="0.721"/>
  <testcase classname="com.course.cases.LoginTest" name="loginFalse" time="0.043"/>
  <testcase classname="com.course.cases.AddUserTest" name="addUser" time="5.062"/>
  <testcase classname="com.course.cases.GetUserInfoTest" name="getUserInfo" time="0.045"/>
  <testcase classname="com.course.cases.UpdateUserInfoTest" name="updateUserInfo" time="5.066"/>
  <testcase classname="com.course.cases.UpdateUserInfoTest" name="deleteUser" time="5.043"/>
  <testcase classname="com.course.cases.GetUserInfoListTest" name="getUserListInfo" time="0.038"/>
</testsuite>