<?xml version="1.0" encoding="UTF-8"?>
<!-- Generated by org.testng.reporters.JUnitReportReporter -->
<testsuite name="com.course.cases.LoginTest" tests="2" time="0.764" ignored="0" failures="0" timestamp="07 Apr 2018 14:38:37 GMT" skipped="0" hostname="localhost" errors="0">
  <testcase name="loginFalse" time="0.043" classname="com.course.cases.LoginTest"/>
  <testcase name="loginTrue" time="0.721" classname="com.course.cases.LoginTest"/>
</testsuite> <!-- com.course.cases.LoginTest -->
