<?xml version="1.0" encoding="UTF-8"?>
<!-- Generated by org.testng.reporters.JUnitReportReporter -->
<testsuite name="com.course.cases.UpdateUserInfoTest" tests="2" time="10.109" ignored="0" failures="0" timestamp="07 Apr 2018 14:38:37 GMT" skipped="0" hostname="localhost" errors="0">
  <testcase name="deleteUser" time="5.043" classname="com.course.cases.UpdateUserInfoTest"/>
  <testcase name="updateUserInfo" time="5.066" classname="com.course.cases.UpdateUserInfoTest"/>
</testsuite> <!-- com.course.cases.UpdateUserInfoTest -->
