<?xml version="1.0" encoding="UTF-8"?>
<!-- Generated by org.testng.reporters.JUnitReportReporter -->
<testsuite name="com.course.cases.AddUserTest" tests="1" time="5.061" ignored="0" failures="0" timestamp="07 Apr 2018 14:38:37 GMT" skipped="0" hostname="localhost" errors="0">
  <testcase name="addUser" time="5.061" classname="com.course.cases.AddUserTest"/>
</testsuite> <!-- com.course.cases.AddUserTest -->
